<?xml version="1.0" encoding="UTF-8"?>
<!-- Generated by org.testng.reporters.JUnitXMLReporter -->
<testsuite hostname="MTLP-983" ignored="0" name="Keka test cases" tests="8" failures="0" timestamp="28 Apr 2021 15:57:04 GMT" time="156.505" errors="0">
  <testcase name="verifyHomePageTitleTest" time="0.033" classname="com.keka.testcases.HomePageTest"/>
  <testcase name="verifyMeLinkTest" time="0.646" classname="com.keka.testcases.HomePageTest"/>
  <testcase name="verifyProfileNameTest" time="0.502" classname="com.keka.testcases.HomePageTest"/>
  <testcase name="verifyTimesheetTest" time="7.471" classname="com.keka.testcases.TimesheetPageTest"/>
  <testcase name="verifyTimesheetTest" time="8.47" classname="com.keka.testcases.TimesheetPageTest"/>
  <testcase name="verifyTimesheetTest" time="8.444" classname="com.keka.testcases.TimesheetPageTest"/>
  <testcase name="loginPageTitleTest" time="0.017" classname="com.keka.testcases.LoginPageTest"/>
  <testcase name="loginTest" time="9.644" classname="com.keka.testcases.LoginPageTest"/>
</testsuite> <!-- Keka test cases -->
