<?xml version="1.0" encoding="UTF-8"?>
<testng-results skipped="0" failed="0" ignored="0" total="8" passed="8">
  <reporter-output>
  </reporter-output>
  <suite name="Keka test automation suite" duration-ms="156505" started-at="2021-04-28T15:54:27Z" finished-at="2021-04-28T15:57:04Z">
    <groups>
    </groups>
    <test name="Keka test cases" duration-ms="156505" started-at="2021-04-28T15:54:27Z" finished-at="2021-04-28T15:57:04Z">
      <class name="com.keka.testcases.TimesheetPageTest">
        <test-method status="PASS" signature="setUp()[pri:0, instance:com.keka.testcases.TimesheetPageTest@780cb77]" name="setUp" is-config="true" duration-ms="12953" started-at="2021-04-28T21:25:27Z" finished-at="2021-04-28T21:25:40Z">
          <reporter-output>
          </reporter-output>
        </test-method> <!-- setUp -->
        <test-method status="PASS" signature="verifyTimesheetTest(java.lang.String, java.lang.String, java.lang.String, java.lang.String, java.lang.String)[pri:0, instance:com.keka.testcases.TimesheetPageTest@780cb77]" name="verifyTimesheetTest" duration-ms="7471" started-at="2021-04-28T21:25:40Z" data-provider="getTimesheetTestData" finished-at="2021-04-28T21:25:47Z">
          <params>
            <param index="0">
              <value>
                <![CDATA[Monday]]>
              </value>
            </param>
            <param index="1">
              <value>
                <![CDATA[8.0]]>
              </value>
            </param>
            <param index="2">
              <value>
                <![CDATA[VTS 2.0]]>
              </value>
            </param>
            <param index="3">
              <value>
                <![CDATA[01_Customer Billing]]>
              </value>
            </param>
            <param index="4">
              <value>
                <![CDATA[Monday comments]]>
              </value>
            </param>
          </params>
          <reporter-output>
          </reporter-output>
        </test-method> <!-- verifyTimesheetTest -->
        <test-method status="PASS" signature="tearDown()[pri:0, instance:com.keka.testcases.TimesheetPageTest@780cb77]" name="tearDown" is-config="true" duration-ms="886" started-at="2021-04-28T21:25:47Z" finished-at="2021-04-28T21:25:48Z">
          <reporter-output>
          </reporter-output>
        </test-method> <!-- tearDown -->
        <test-method status="PASS" signature="setUp()[pri:0, instance:com.keka.testcases.TimesheetPageTest@780cb77]" name="setUp" is-config="true" duration-ms="13281" started-at="2021-04-28T21:25:48Z" finished-at="2021-04-28T21:26:01Z">
          <reporter-output>
          </reporter-output>
        </test-method> <!-- setUp -->
        <test-method status="PASS" signature="verifyTimesheetTest(java.lang.String, java.lang.String, java.lang.String, java.lang.String, java.lang.String)[pri:0, instance:com.keka.testcases.TimesheetPageTest@780cb77]" name="verifyTimesheetTest" duration-ms="8470" started-at="2021-04-28T21:26:01Z" data-provider="getTimesheetTestData" finished-at="2021-04-28T21:26:10Z">
          <params>
            <param index="0">
              <value>
                <![CDATA[Tuesday]]>
              </value>
            </param>
            <param index="1">
              <value>
                <![CDATA[8.0]]>
              </value>
            </param>
            <param index="2">
              <value>
                <![CDATA[VTS 2.0]]>
              </value>
            </param>
            <param index="3">
              <value>
                <![CDATA[01_Customer Billing]]>
              </value>
            </param>
            <param index="4">
              <value>
                <![CDATA[Tuesday comments]]>
              </value>
            </param>
          </params>
          <reporter-output>
          </reporter-output>
        </test-method> <!-- verifyTimesheetTest -->
        <test-method status="PASS" signature="tearDown()[pri:0, instance:com.keka.testcases.TimesheetPageTest@780cb77]" name="tearDown" is-config="true" duration-ms="930" started-at="2021-04-28T21:26:10Z" finished-at="2021-04-28T21:26:11Z">
          <reporter-output>
          </reporter-output>
        </test-method> <!-- tearDown -->
        <test-method status="PASS" signature="setUp()[pri:0, instance:com.keka.testcases.TimesheetPageTest@780cb77]" name="setUp" is-config="true" duration-ms="23427" started-at="2021-04-28T21:26:11Z" finished-at="2021-04-28T21:26:34Z">
          <reporter-output>
          </reporter-output>
        </test-method> <!-- setUp -->
        <test-method status="PASS" signature="verifyTimesheetTest(java.lang.String, java.lang.String, java.lang.String, java.lang.String, java.lang.String)[pri:0, instance:com.keka.testcases.TimesheetPageTest@780cb77]" name="verifyTimesheetTest" duration-ms="8444" started-at="2021-04-28T21:26:34Z" data-provider="getTimesheetTestData" finished-at="2021-04-28T21:26:43Z">
          <params>
            <param index="0">
              <value>
                <![CDATA[Wednesday]]>
              </value>
            </param>
            <param index="1">
              <value>
                <![CDATA[8.0]]>
              </value>
            </param>
            <param index="2">
              <value>
                <![CDATA[VTS 2.0]]>
              </value>
            </param>
            <param index="3">
              <value>
                <![CDATA[01_Customer Billing]]>
              </value>
            </param>
            <param index="4">
              <value>
                <![CDATA[Wednesday comments]]>
              </value>
            </param>
          </params>
          <reporter-output>
          </reporter-output>
        </test-method> <!-- verifyTimesheetTest -->
        <test-method status="PASS" signature="tearDown()[pri:0, instance:com.keka.testcases.TimesheetPageTest@780cb77]" name="tearDown" is-config="true" duration-ms="913" started-at="2021-04-28T21:26:43Z" finished-at="2021-04-28T21:26:44Z">
          <reporter-output>
          </reporter-output>
        </test-method> <!-- tearDown -->
      </class> <!-- com.keka.testcases.TimesheetPageTest -->
      <class name="com.keka.testcases.HomePageTest">
        <test-method status="PASS" signature="setUp()[pri:0, instance:com.keka.testcases.HomePageTest@16aa0a0a]" name="setUp" is-config="true" duration-ms="16212" started-at="2021-04-28T21:24:27Z" finished-at="2021-04-28T21:24:43Z">
          <reporter-output>
          </reporter-output>
        </test-method> <!-- setUp -->
        <test-method status="PASS" signature="verifyHomePageTitleTest()[pri:0, instance:com.keka.testcases.HomePageTest@16aa0a0a]" name="verifyHomePageTitleTest" duration-ms="33" started-at="2021-04-28T21:24:43Z" finished-at="2021-04-28T21:24:43Z">
          <reporter-output>
          </reporter-output>
        </test-method> <!-- verifyHomePageTitleTest -->
        <test-method status="PASS" signature="tearDown()[pri:0, instance:com.keka.testcases.HomePageTest@16aa0a0a]" name="tearDown" is-config="true" duration-ms="966" started-at="2021-04-28T21:24:43Z" finished-at="2021-04-28T21:24:44Z">
          <reporter-output>
          </reporter-output>
        </test-method> <!-- tearDown -->
        <test-method status="PASS" signature="setUp()[pri:0, instance:com.keka.testcases.HomePageTest@16aa0a0a]" name="setUp" is-config="true" duration-ms="25379" started-at="2021-04-28T21:24:44Z" finished-at="2021-04-28T21:25:10Z">
          <reporter-output>
          </reporter-output>
        </test-method> <!-- setUp -->
        <test-method status="PASS" signature="verifyMeLinkTest()[pri:0, instance:com.keka.testcases.HomePageTest@16aa0a0a]" name="verifyMeLinkTest" duration-ms="646" started-at="2021-04-28T21:25:10Z" finished-at="2021-04-28T21:25:10Z">
          <reporter-output>
          </reporter-output>
        </test-method> <!-- verifyMeLinkTest -->
        <test-method status="PASS" signature="tearDown()[pri:0, instance:com.keka.testcases.HomePageTest@16aa0a0a]" name="tearDown" is-config="true" duration-ms="930" started-at="2021-04-28T21:25:10Z" finished-at="2021-04-28T21:25:11Z">
          <reporter-output>
          </reporter-output>
        </test-method> <!-- tearDown -->
        <test-method status="PASS" signature="setUp()[pri:0, instance:com.keka.testcases.HomePageTest@16aa0a0a]" name="setUp" is-config="true" duration-ms="13291" started-at="2021-04-28T21:25:11Z" finished-at="2021-04-28T21:25:25Z">
          <reporter-output>
          </reporter-output>
        </test-method> <!-- setUp -->
        <test-method status="PASS" signature="verifyProfileNameTest()[pri:0, instance:com.keka.testcases.HomePageTest@16aa0a0a]" name="verifyProfileNameTest" duration-ms="502" started-at="2021-04-28T21:25:25Z" finished-at="2021-04-28T21:25:25Z">
          <reporter-output>
          </reporter-output>
        </test-method> <!-- verifyProfileNameTest -->
        <test-method status="PASS" signature="tearDown()[pri:0, instance:com.keka.testcases.HomePageTest@16aa0a0a]" name="tearDown" is-config="true" duration-ms="936" started-at="2021-04-28T21:25:25Z" finished-at="2021-04-28T21:25:26Z">
          <reporter-output>
          </reporter-output>
        </test-method> <!-- tearDown -->
      </class> <!-- com.keka.testcases.HomePageTest -->
      <class name="com.keka.testcases.LoginPageTest">
        <test-method status="PASS" signature="setUp()[pri:0, instance:com.keka.testcases.LoginPageTest@1d548a08]" name="setUp" is-config="true" duration-ms="4903" started-at="2021-04-28T21:26:44Z" finished-at="2021-04-28T21:26:49Z">
          <reporter-output>
          </reporter-output>
        </test-method> <!-- setUp -->
        <test-method status="PASS" signature="loginPageTitleTest()[pri:1, instance:com.keka.testcases.LoginPageTest@1d548a08]" name="loginPageTitleTest" duration-ms="17" started-at="2021-04-28T21:26:49Z" finished-at="2021-04-28T21:26:49Z">
          <reporter-output>
          </reporter-output>
        </test-method> <!-- loginPageTitleTest -->
        <test-method status="PASS" signature="tearDown()[pri:0, instance:com.keka.testcases.LoginPageTest@1d548a08]" name="tearDown" is-config="true" duration-ms="892" started-at="2021-04-28T21:26:49Z" finished-at="2021-04-28T21:26:49Z">
          <reporter-output>
          </reporter-output>
        </test-method> <!-- tearDown -->
        <test-method status="PASS" signature="setUp()[pri:0, instance:com.keka.testcases.LoginPageTest@1d548a08]" name="setUp" is-config="true" duration-ms="3609" started-at="2021-04-28T21:26:49Z" finished-at="2021-04-28T21:26:53Z">
          <reporter-output>
          </reporter-output>
        </test-method> <!-- setUp -->
        <test-method status="PASS" signature="loginTest()[pri:2, instance:com.keka.testcases.LoginPageTest@1d548a08]" name="loginTest" duration-ms="9644" started-at="2021-04-28T21:26:53Z" finished-at="2021-04-28T21:27:03Z">
          <reporter-output>
          </reporter-output>
        </test-method> <!-- loginTest -->
        <test-method status="PASS" signature="tearDown()[pri:0, instance:com.keka.testcases.LoginPageTest@1d548a08]" name="tearDown" is-config="true" duration-ms="881" started-at="2021-04-28T21:27:03Z" finished-at="2021-04-28T21:27:04Z">
          <reporter-output>
          </reporter-output>
        </test-method> <!-- tearDown -->
      </class> <!-- com.keka.testcases.LoginPageTest -->
    </test> <!-- Keka test cases -->
  </suite> <!-- Keka test automation suite -->
</testng-results>
